
--------------------------------------------------
Body:{"name":"Mike ","role":"Analyst"}
IP:1
--------------------------------------------------
--------------------------------------------------
Body:{}
IP:1
--------------------------------------------------
--------------------------------------------------
Body:{"name":"Mike ","role":"Analyst"}
IP:1
--------------------------------------------------
--------------------------------------------------
Body:{}
IP:1
--------------------------------------------------
--------------------------------------------------
Body:{"name":"Mike ","role":"Analyst"}
IP:1
--------------------------------------------------
--------------------------------------------------
Body:{}
IP:1
--------------------------------------------------
--------------------------------------------------
Body:{"name":"Mike ","role":"Analyst"}
IP:1
--------------------------------------------------
--------------------------------------------------
Body:{}
IP:1
--------------------------------------------------
--------------------------------------------------
Body:{"name":"Mike ","role":"Analyst"}
IP:1
--------------------------------------------------
--------------------------------------------------
Body:{"name":"Mike ","role":"Analyst"}
IP:1
--------------------------------------------------
--------------------------------------------------
Body:{"name":"Mike ","role":"Analyst"}
IP:1
--------------------------------------------------
--------------------------------------------------
Body:{}
IP:1
--------------------------------------------------
--------------------------------------------------
Body:{"name":"Mike ","role":"Analyst"}
IP:1
--------------------------------------------------
--------------------------------------------------
Body:{}
IP:1
--------------------------------------------------
--------------------------------------------------
Body:{"name":"Mike ","role":"Analyst"}
IP:1
--------------------------------------------------
--------------------------------------------------
Body:{}
IP:1
--------------------------------------------------
--------------------------------------------------
Body:{"name":"Mike ","role":"Analyst"}
IP:1
--------------------------------------------------
--------------------------------------------------
Body:{"name":"Mike ","role":"Analyst"}
IP:1
--------------------------------------------------
--------------------------------------------------
Body:{}
IP:1
--------------------------------------------------
--------------------------------------------------
Body:{"name":"Mikey","role":"Analyst"}
IP:1
--------------------------------------------------
--------------------------------------------------
Body:{}
IP:1
--------------------------------------------------
--------------------------------------------------
Body:{"name":"Mike ","role":"Analyst"}
IP:1
--------------------------------------------------
--------------------------------------------------
Body:{}
IP:1
--------------------------------------------------
--------------------------------------------------
Body:{"name":"Mikel","role":"Analyst"}
IP:1
--------------------------------------------------
--------------------------------------------------
Body:{}
IP:1
--------------------------------------------------
--------------------------------------------------
Body:{"name":"Mike ","role":"Analyst"}
IP:1
--------------------------------------------------
--------------------------------------------------
Body:{}
IP:1
--------------------------------------------------
--------------------------------------------------
Body:{"name":"Mikel","role":"Analyst"}
IP:1
--------------------------------------------------
--------------------------------------------------
Body:{}
IP:1
--------------------------------------------------
--------------------------------------------------
Body:{"name":"Mike ","role":"Analyst"}
IP:1
--------------------------------------------------
--------------------------------------------------
Body:{}
IP:1
--------------------------------------------------
--------------------------------------------------
Body:{"name":"Mikel","role":"Analyst"}
IP:1
--------------------------------------------------
--------------------------------------------------
Body:{}
IP:1
--------------------------------------------------
--------------------------------------------------
Body:{}
IP:1
--------------------------------------------------
--------------------------------------------------
Body:{}
IP:1
--------------------------------------------------
--------------------------------------------------
Body:{}
IP:1
--------------------------------------------------
--------------------------------------------------
Body:{}
IP:1
--------------------------------------------------
--------------------------------------------------
Body:{}
IP:1
--------------------------------------------------
--------------------------------------------------
Body:{}
IP:1
--------------------------------------------------
--------------------------------------------------
Body:{}
IP:1
--------------------------------------------------
--------------------------------------------------
Body:{}
IP:1
--------------------------------------------------
--------------------------------------------------
Body:{}
IP:1
--------------------------------------------------
--------------------------------------------------
Body:{}
IP:1
--------------------------------------------------
--------------------------------------------------
Body:{}
IP:1
--------------------------------------------------
--------------------------------------------------
Body:{}
IP:1
--------------------------------------------------
--------------------------------------------------
Body:{}
IP:1
--------------------------------------------------
--------------------------------------------------
Body:{}
IP:1
--------------------------------------------------
--------------------------------------------------
Body:{}
IP:1
--------------------------------------------------
--------------------------------------------------
Body:{}
IP:1
--------------------------------------------------
--------------------------------------------------
Body:{}
IP:1
--------------------------------------------------
--------------------------------------------------
Body:{}
IP:1
--------------------------------------------------
--------------------------------------------------
Body:{}
IP:1
--------------------------------------------------
--------------------------------------------------
Body:{}
IP:1
--------------------------------------------------
--------------------------------------------------
Body:{}
IP:1
--------------------------------------------------
--------------------------------------------------
Body:{}
IP:1
--------------------------------------------------
--------------------------------------------------
Body:{}
IP:1
--------------------------------------------------
--------------------------------------------------
Body:{}
IP:1
--------------------------------------------------
--------------------------------------------------
Body:{}
IP:1
--------------------------------------------------
--------------------------------------------------
Body:{}
IP:1
--------------------------------------------------
--------------------------------------------------
Body:{}
IP:1
--------------------------------------------------
--------------------------------------------------
Body:{}
IP:1
--------------------------------------------------
--------------------------------------------------
Body:{}
IP:1
--------------------------------------------------
--------------------------------------------------
Body:{}
IP:1
--------------------------------------------------
--------------------------------------------------
Body:{}
IP:1
--------------------------------------------------
--------------------------------------------------
Body:{}
IP:1
--------------------------------------------------
--------------------------------------------------
Body:{}
IP:1
--------------------------------------------------
--------------------------------------------------
Body:{}
IP:1
--------------------------------------------------
--------------------------------------------------
Body:{}
IP:1
--------------------------------------------------
--------------------------------------------------
Body:{}
IP:1
--------------------------------------------------
--------------------------------------------------
Body:{}
IP:1
--------------------------------------------------
--------------------------------------------------
Body:{}
IP:1
--------------------------------------------------
--------------------------------------------------
Body:{}
IP:1
--------------------------------------------------
--------------------------------------------------
Body:{}
IP:1
--------------------------------------------------
--------------------------------------------------
Body:{}
IP:1
--------------------------------------------------
--------------------------------------------------
Body:{}
IP:1
--------------------------------------------------
--------------------------------------------------
Body:{}
IP:1
--------------------------------------------------
--------------------------------------------------
Body:{}
IP:1
--------------------------------------------------
--------------------------------------------------
Body:{}
IP:1
--------------------------------------------------
--------------------------------------------------
Body:{"name":"","role":""}
IP:1
--------------------------------------------------
--------------------------------------------------
Body:{}
IP:1
--------------------------------------------------
--------------------------------------------------
Body:{"name":"","role":""}
IP:1
--------------------------------------------------
--------------------------------------------------
Body:{}
IP:1
--------------------------------------------------
--------------------------------------------------
Body:{"name":"","role":""}
IP:1
--------------------------------------------------
--------------------------------------------------
Body:{}
IP:1
--------------------------------------------------
--------------------------------------------------
Body:{"name":"","role":""}
IP:1
--------------------------------------------------
--------------------------------------------------
Body:{}
IP:1
--------------------------------------------------
--------------------------------------------------
Body:{}
IP:1
--------------------------------------------------
--------------------------------------------------
Body:{}
IP:1
--------------------------------------------------
--------------------------------------------------
Body:{}
IP:1
--------------------------------------------------
--------------------------------------------------
Body:{}
IP:1
--------------------------------------------------
--------------------------------------------------
Body:{}
IP:1
--------------------------------------------------
--------------------------------------------------
Body:{}
IP:1
--------------------------------------------------
--------------------------------------------------
Body:{}
IP:1
--------------------------------------------------
--------------------------------------------------
Body:{}
IP:1
--------------------------------------------------
--------------------------------------------------
Body:{}
IP:1
--------------------------------------------------
--------------------------------------------------
Body:{}
IP:1
--------------------------------------------------
--------------------------------------------------
Body:{}
IP:1
--------------------------------------------------
--------------------------------------------------
Body:{}
IP:1
--------------------------------------------------
--------------------------------------------------
Body:{}
IP:1
--------------------------------------------------
--------------------------------------------------
Body:{}
IP:1
--------------------------------------------------
--------------------------------------------------
Body:{}
IP:1
--------------------------------------------------
--------------------------------------------------
Body:{}
IP:1
--------------------------------------------------
--------------------------------------------------
Body:{}
IP:1
--------------------------------------------------
--------------------------------------------------
Body:{}
IP:1
--------------------------------------------------
--------------------------------------------------
Body:{"name":"Kollybright ","role":"Developer"}
IP:1
--------------------------------------------------
--------------------------------------------------
Body:{}
IP:1
--------------------------------------------------
--------------------------------------------------
Body:{"name":"Kollybright y","role":"Developer"}
IP:1
--------------------------------------------------
--------------------------------------------------
Body:{}
IP:1
--------------------------------------------------
--------------------------------------------------
Body:{"name":"Kollybrighty ","role":"Developer"}
IP:1
--------------------------------------------------
--------------------------------------------------
Body:{}
IP:1
--------------------------------------------------
--------------------------------------------------
Body:{"name":"Kollybrighty","role":"Developer"}
IP:1
--------------------------------------------------
--------------------------------------------------
Body:{}
IP:1
--------------------------------------------------
--------------------------------------------------
Body:{"name":"Kollybrighty ","role":"Developer"}
IP:1
--------------------------------------------------
--------------------------------------------------
Body:{}
IP:1
--------------------------------------------------
--------------------------------------------------
Body:{"name":"Kollybrighty ","role":"Developer"}
IP:1
--------------------------------------------------
--------------------------------------------------
Body:{}
IP:1
--------------------------------------------------
--------------------------------------------------
Body:{"name":"Kollybrighty ","role":"Developer"}
IP:1
--------------------------------------------------
--------------------------------------------------
Body:{}
IP:1
--------------------------------------------------
--------------------------------------------------
Body:{"name":"Kollybrighty ","role":"Developer"}
IP:1
--------------------------------------------------
--------------------------------------------------
Body:{}
IP:1
--------------------------------------------------
--------------------------------------------------
Body:{"name":"Kollybright ","role":"Developer"}
IP:1
--------------------------------------------------
--------------------------------------------------
Body:{"name":"Kollybright ","role":"Developer"}
IP:1
--------------------------------------------------
--------------------------------------------------
Body:{}
IP:1
--------------------------------------------------
--------------------------------------------------
Body:{}
IP:1
--------------------------------------------------
--------------------------------------------------
Body:{}
IP:1
--------------------------------------------------
--------------------------------------------------
Body:{"name":"","role":""}
IP:1
--------------------------------------------------
--------------------------------------------------
Body:{}
IP:1
--------------------------------------------------
--------------------------------------------------
Body:{"name":"kola","role":"clarcal"}
IP:1
--------------------------------------------------
--------------------------------------------------
Body:{}
IP:1
--------------------------------------------------
--------------------------------------------------
Body:{}
IP:1
--------------------------------------------------
--------------------------------------------------
Body:{}
IP:1
--------------------------------------------------
--------------------------------------------------
Body:{"name":"Mercedes Benz","role":"Wink"}
IP:1
--------------------------------------------------
--------------------------------------------------
Body:{}
IP:1
--------------------------------------------------
--------------------------------------------------
Body:{"name":"Vehicle","role":"Wink"}
IP:1
--------------------------------------------------
--------------------------------------------------
Body:{"name":"Vehicle","role":"Wink"}
IP:1
--------------------------------------------------
--------------------------------------------------
Body:{}
IP:1
--------------------------------------------------
--------------------------------------------------
Body:{"name":"Mercedes Benz","role":"Wink"}
IP:1
--------------------------------------------------
--------------------------------------------------
Body:{"name":"Mercedes Benz","role":"Wink"}
IP:1
--------------------------------------------------
--------------------------------------------------
Body:{}
IP:1
--------------------------------------------------
--------------------------------------------------
Body:{"name":"ddcd","role":"swfsfc]\\"}
IP:1
--------------------------------------------------
--------------------------------------------------
Body:{}
IP:1
--------------------------------------------------
--------------------------------------------------
Body:{}
IP:1
--------------------------------------------------
--------------------------------------------------
Body:{}
IP:1
--------------------------------------------------
--------------------------------------------------
Body:{}
IP:1
--------------------------------------------------
--------------------------------------------------
Body:{}
IP:1
--------------------------------------------------
--------------------------------------------------
Body:{}
IP:1
--------------------------------------------------
--------------------------------------------------
Body:{}
IP:1
--------------------------------------------------
--------------------------------------------------
Body:{}
IP:1
--------------------------------------------------
--------------------------------------------------
Body:{}
IP:1
--------------------------------------------------
--------------------------------------------------
Body:{}
IP:1
--------------------------------------------------
--------------------------------------------------
Body:{}
IP:1
--------------------------------------------------
--------------------------------------------------
Body:{}
IP:1
--------------------------------------------------
--------------------------------------------------
Body:{}
IP:1
--------------------------------------------------
--------------------------------------------------
Body:{}
IP:1
--------------------------------------------------
--------------------------------------------------
Body:{}
IP:1
--------------------------------------------------
--------------------------------------------------
Body:{}
IP:1
--------------------------------------------------
--------------------------------------------------
Body:{}
IP:1
--------------------------------------------------
--------------------------------------------------
Body:{}
IP:1
--------------------------------------------------
--------------------------------------------------
Body:{}
IP:127.0.0.1
--------------------------------------------------
--------------------------------------------------
Body:{}
IP:127.0.0.1
--------------------------------------------------
--------------------------------------------------
Body:{}
IP:1
--------------------------------------------------
--------------------------------------------------
Body:{}
IP:1
--------------------------------------------------
--------------------------------------------------
Body:{}
IP:1
--------------------------------------------------
--------------------------------------------------
Body:{}
IP:1
--------------------------------------------------
--------------------------------------------------
Body:{}
IP:1
--------------------------------------------------
--------------------------------------------------
Body:{}
IP:1
--------------------------------------------------
--------------------------------------------------
Body:{}
IP:1
--------------------------------------------------
--------------------------------------------------
Body:{}
IP:1
--------------------------------------------------
--------------------------------------------------
Body:{}
IP:1
--------------------------------------------------
--------------------------------------------------
Body:{}
IP:1
--------------------------------------------------
--------------------------------------------------
Body:{}
IP:1
--------------------------------------------------
--------------------------------------------------
Body:{}
IP:1
--------------------------------------------------
--------------------------------------------------
Body:{}
IP:1
--------------------------------------------------
--------------------------------------------------
Body:{}
IP:1
--------------------------------------------------
--------------------------------------------------
Body:{}
IP:1
--------------------------------------------------
--------------------------------------------------
Body:{}
IP:1
--------------------------------------------------
--------------------------------------------------
Body:{}
IP:1
--------------------------------------------------
--------------------------------------------------
Body:{}
IP:1
--------------------------------------------------
--------------------------------------------------
Body:{}
IP:1
--------------------------------------------------
--------------------------------------------------
Body:{}
IP:1
--------------------------------------------------
--------------------------------------------------
Body:{}
IP:1
--------------------------------------------------
--------------------------------------------------
Body:{}
IP:1
--------------------------------------------------
--------------------------------------------------
Body:{}
IP:1
--------------------------------------------------
--------------------------------------------------
Body:{}
IP:1
--------------------------------------------------
--------------------------------------------------
Body:{}
IP:1
--------------------------------------------------
--------------------------------------------------
Body:{}
IP:1
--------------------------------------------------
--------------------------------------------------
Body:{}
IP:1
--------------------------------------------------
--------------------------------------------------
Body:{}
IP:1
--------------------------------------------------
--------------------------------------------------
Body:{}
IP:1
--------------------------------------------------
--------------------------------------------------
Body:{}
IP:1
--------------------------------------------------
--------------------------------------------------
Body:{}
IP:1
--------------------------------------------------
--------------------------------------------------
Body:{}
IP:1
--------------------------------------------------
--------------------------------------------------
Body:{}
IP:1
--------------------------------------------------
--------------------------------------------------
Body:{}
IP:1
--------------------------------------------------
--------------------------------------------------
Body:{}
IP:1
--------------------------------------------------
--------------------------------------------------
Body:{}
IP:1
--------------------------------------------------
--------------------------------------------------
Body:{}
IP:1
--------------------------------------------------
--------------------------------------------------
Body:{}
IP:1
--------------------------------------------------
--------------------------------------------------
Body:{}
IP:1
--------------------------------------------------
--------------------------------------------------
Body:{}
IP:1
--------------------------------------------------
--------------------------------------------------
Body:{}
IP:1
--------------------------------------------------
--------------------------------------------------
Body:{}
IP:1
--------------------------------------------------
--------------------------------------------------
Body:{}
IP:1
--------------------------------------------------
--------------------------------------------------
Body:{}
IP:1
--------------------------------------------------
--------------------------------------------------
Body:{}
IP:1
--------------------------------------------------
--------------------------------------------------
Body:{}
IP:1
--------------------------------------------------
--------------------------------------------------
Body:{}
IP:1
--------------------------------------------------
--------------------------------------------------
Body:{}
IP:1
--------------------------------------------------
--------------------------------------------------
Body:{}
IP:1
--------------------------------------------------
--------------------------------------------------
Body:{}
IP:1
--------------------------------------------------
--------------------------------------------------
Body:{}
IP:1
--------------------------------------------------
--------------------------------------------------
Body:{}
IP:1
--------------------------------------------------
--------------------------------------------------
Body:{}
IP:1
--------------------------------------------------
--------------------------------------------------
Body:{}
IP:1
--------------------------------------------------
--------------------------------------------------
Body:{}
IP:1
--------------------------------------------------
--------------------------------------------------
Body:{}
IP:1
--------------------------------------------------
--------------------------------------------------
Body:{}
IP:1
--------------------------------------------------
--------------------------------------------------
Body:{}
IP:1
--------------------------------------------------
--------------------------------------------------
Body:{}
IP:1
--------------------------------------------------
--------------------------------------------------
Body:{}
IP:1
--------------------------------------------------
--------------------------------------------------
Body:{}
IP:1
--------------------------------------------------
--------------------------------------------------
Body:{}
IP:1
--------------------------------------------------
--------------------------------------------------
Body:{}
IP:1
--------------------------------------------------
--------------------------------------------------
Body:{}
IP:1
--------------------------------------------------
--------------------------------------------------
Body:{}
IP:1
--------------------------------------------------
--------------------------------------------------
Body:{}
IP:1
--------------------------------------------------
--------------------------------------------------
Body:{}
IP:1
--------------------------------------------------
--------------------------------------------------
Body:{}
IP:1
--------------------------------------------------
--------------------------------------------------
Body:{}
IP:1
--------------------------------------------------
--------------------------------------------------
Body:{}
IP:1
--------------------------------------------------
--------------------------------------------------
Body:{}
IP:1
--------------------------------------------------
--------------------------------------------------
Body:{}
IP:1
--------------------------------------------------
--------------------------------------------------
Body:{}
IP:1
--------------------------------------------------
--------------------------------------------------
Body:{}
IP:1
--------------------------------------------------
--------------------------------------------------
Body:{}
IP:1
--------------------------------------------------
--------------------------------------------------
Body:{"name":"Junes","role":"Developer"}
IP:1
--------------------------------------------------
--------------------------------------------------
Body:{"name":"Junes","role":"Developer"}
IP:1
--------------------------------------------------
--------------------------------------------------
Body:{"name":"Junes","role":"Developer"}
IP:1
--------------------------------------------------
--------------------------------------------------
Body:{}
IP:1
--------------------------------------------------
--------------------------------------------------
Body:{}
IP:1
--------------------------------------------------
--------------------------------------------------
Body:{}
IP:1
--------------------------------------------------
--------------------------------------------------
Body:{"name":"June","role":"Developer"}
IP:1
--------------------------------------------------
--------------------------------------------------
Body:{}
IP:1
--------------------------------------------------
--------------------------------------------------
Body:{}
IP:1
--------------------------------------------------
--------------------------------------------------
Body:{}
IP:1
--------------------------------------------------
--------------------------------------------------
Body:{}
IP:1
--------------------------------------------------
--------------------------------------------------
Body:{"name":"Jam","role":"Developer"}
IP:1
--------------------------------------------------
--------------------------------------------------
Body:{}
IP:1
--------------------------------------------------
--------------------------------------------------
Body:{}
IP:1
--------------------------------------------------
--------------------------------------------------
Body:{}
IP:1
--------------------------------------------------
--------------------------------------------------
Body:{}
IP:1
--------------------------------------------------
--------------------------------------------------
Body:{"name":"tits","role":"Developer"}
IP:1
--------------------------------------------------
--------------------------------------------------
Body:{}
IP:1
--------------------------------------------------
--------------------------------------------------
Body:{"name":"James  ","role":"Developer"}
IP:1
--------------------------------------------------
--------------------------------------------------
Body:{}
IP:1
--------------------------------------------------
--------------------------------------------------
Body:{"name":"Jamesq","role":"Developer"}
IP:1
--------------------------------------------------
--------------------------------------------------
Body:{}
IP:1
--------------------------------------------------
--------------------------------------------------
Body:{"name":"Jamesy ","role":"Developer"}
IP:1
--------------------------------------------------
--------------------------------------------------
Body:{}
IP:1
--------------------------------------------------
--------------------------------------------------
Body:{}
IP:1
--------------------------------------------------
--------------------------------------------------
Body:{"name":"Jamesy  ","role":"Developer"}
IP:1
--------------------------------------------------
--------------------------------------------------
Body:{}
IP:1
--------------------------------------------------
--------------------------------------------------
Body:{"name":"James  ","role":"Developer"}
IP:1
--------------------------------------------------
--------------------------------------------------
Body:{"name":"James  ","role":"Developer"}
IP:1
--------------------------------------------------
--------------------------------------------------
Body:{}
IP:1
--------------------------------------------------
--------------------------------------------------
Body:{"name":"James  ","role":"Developer"}
IP:1
--------------------------------------------------
--------------------------------------------------
Body:{}
IP:1
--------------------------------------------------
--------------------------------------------------
Body:{"name":"James  ","role":"Developer"}
IP:1
--------------------------------------------------
--------------------------------------------------
Body:{}
IP:1
--------------------------------------------------
--------------------------------------------------
Body:{"name":"James  ","role":"Developer"}
IP:1
--------------------------------------------------
--------------------------------------------------
Body:{"name":"James  ","role":"Developer"}
IP:1
--------------------------------------------------
--------------------------------------------------
Body:{"name":"James  ","role":"Developer"}
IP:1
--------------------------------------------------
--------------------------------------------------
Body:{}
IP:1
--------------------------------------------------
--------------------------------------------------
Body:{"name":"Jamesi ","role":"Developer"}
IP:1
--------------------------------------------------
--------------------------------------------------
Body:{}
IP:1
--------------------------------------------------
--------------------------------------------------
Body:{"name":"James on ","role":"Developer"}
IP:1
--------------------------------------------------
--------------------------------------------------
Body:{"name":"James on ","role":"Developer"}
IP:1
--------------------------------------------------
--------------------------------------------------
Body:{"name":"James on ","role":"Developer"}
IP:1
--------------------------------------------------
--------------------------------------------------
Body:{"name":"James on ","role":"Developer"}
IP:1
--------------------------------------------------
--------------------------------------------------
Body:{"name":"James on ","role":"Developer"}
IP:1
--------------------------------------------------
--------------------------------------------------
Body:{}
IP:1
--------------------------------------------------
--------------------------------------------------
Body:{"name":"Jameson ","role":"Developer"}
IP:1
--------------------------------------------------
--------------------------------------------------
Body:{}
IP:1
--------------------------------------------------
--------------------------------------------------
Body:{}
IP:1
--------------------------------------------------
--------------------------------------------------
Body:{}
IP:1
--------------------------------------------------
--------------------------------------------------
Body:{}
IP:1
--------------------------------------------------
--------------------------------------------------
Body:{}
IP:1
--------------------------------------------------
--------------------------------------------------
Body:{}
IP:1
--------------------------------------------------
--------------------------------------------------
Body:{}
IP:1
--------------------------------------------------
--------------------------------------------------
Body:{}
IP:1
--------------------------------------------------
--------------------------------------------------
Body:{}
IP:1
--------------------------------------------------
--------------------------------------------------
Body:{}
IP:1
--------------------------------------------------
--------------------------------------------------
Body:{}
IP:1
--------------------------------------------------
--------------------------------------------------
Body:{}
IP:1
--------------------------------------------------
--------------------------------------------------
Body:{}
IP:1
--------------------------------------------------
--------------------------------------------------
Body:{}
IP:1
--------------------------------------------------
--------------------------------------------------
Body:{}
IP:1
--------------------------------------------------
--------------------------------------------------
Body:{}
IP:1
--------------------------------------------------
--------------------------------------------------
Body:{}
IP:1
--------------------------------------------------
--------------------------------------------------
Body:{}
IP:1
--------------------------------------------------
--------------------------------------------------
Body:{}
IP:1
--------------------------------------------------
--------------------------------------------------
Body:{}
IP:1
--------------------------------------------------
--------------------------------------------------
Body:{}
IP:1
--------------------------------------------------
--------------------------------------------------
Body:{}
IP:1
--------------------------------------------------
--------------------------------------------------
Body:{}
IP:1
--------------------------------------------------
--------------------------------------------------
Body:{}
IP:1
--------------------------------------------------
--------------------------------------------------
Body:{}
IP:1
--------------------------------------------------
--------------------------------------------------
Body:{}
IP:1
--------------------------------------------------
--------------------------------------------------
Body:{}
IP:1
--------------------------------------------------
--------------------------------------------------
Body:{}
IP:1
--------------------------------------------------
--------------------------------------------------
Body:{}
IP:1
--------------------------------------------------
--------------------------------------------------
Body:{}
IP:1
--------------------------------------------------
--------------------------------------------------
Body:{}
IP:1
--------------------------------------------------
--------------------------------------------------
Body:{}
IP:1
--------------------------------------------------
--------------------------------------------------
Body:{}
IP:1
--------------------------------------------------
--------------------------------------------------
Body:{}
IP:1
--------------------------------------------------
--------------------------------------------------
Body:{}
IP:1
--------------------------------------------------
--------------------------------------------------
Body:{}
IP:1
--------------------------------------------------
--------------------------------------------------
Body:{}
IP:1
--------------------------------------------------
--------------------------------------------------
Body:{}
IP:1
--------------------------------------------------
--------------------------------------------------
Body:{}
IP:1
--------------------------------------------------
--------------------------------------------------
Body:{}
IP:1
--------------------------------------------------
--------------------------------------------------
Body:{}
IP:1
--------------------------------------------------
--------------------------------------------------
Body:{}
IP:1
--------------------------------------------------
--------------------------------------------------
Body:{}
IP:1
--------------------------------------------------
--------------------------------------------------
Body:{}
IP:1
--------------------------------------------------
--------------------------------------------------
Body:{}
IP:1
--------------------------------------------------
--------------------------------------------------
Body:{}
IP:1
--------------------------------------------------
--------------------------------------------------
Body:{}
IP:1
--------------------------------------------------
--------------------------------------------------
Body:{}
IP:1
--------------------------------------------------
--------------------------------------------------
Body:{}
IP:1
--------------------------------------------------
--------------------------------------------------
Body:{}
IP:1
--------------------------------------------------
--------------------------------------------------
Body:{}
IP:1
--------------------------------------------------
--------------------------------------------------
Body:{}
IP:1
--------------------------------------------------
--------------------------------------------------
Body:{}
IP:1
--------------------------------------------------
--------------------------------------------------
Body:{}
IP:1
--------------------------------------------------
--------------------------------------------------
Body:{}
IP:1
--------------------------------------------------
--------------------------------------------------
Body:{}
IP:1
--------------------------------------------------
--------------------------------------------------
Body:{}
IP:1
--------------------------------------------------
--------------------------------------------------
Body:{"name":"James","role":"Developer"}
IP:1
--------------------------------------------------
--------------------------------------------------
Body:{}
IP:1
--------------------------------------------------
--------------------------------------------------
Body:{"name":"Anderson","role":"Analyst"}
IP:1
--------------------------------------------------
--------------------------------------------------
Body:{}
IP:1
--------------------------------------------------
--------------------------------------------------
Body:{"name":"Richards","role":"Manager"}
IP:1
--------------------------------------------------
--------------------------------------------------
Body:{}
IP:1
--------------------------------------------------
--------------------------------------------------
Body:{"name":"Kane","role":"HR"}
IP:1
--------------------------------------------------
--------------------------------------------------
Body:{}
IP:1
--------------------------------------------------
--------------------------------------------------
Body:{"name":"Sofia","role":"Business Developer"}
IP:1
--------------------------------------------------
--------------------------------------------------
Body:{}
IP:1
--------------------------------------------------
--------------------------------------------------
Body:{"name":"Kate","role":"Audit "}
IP:1
--------------------------------------------------
--------------------------------------------------
Body:{}
IP:1
--------------------------------------------------
--------------------------------------------------
Body:{}
IP:1
--------------------------------------------------
--------------------------------------------------
Body:{}
IP:1
--------------------------------------------------
--------------------------------------------------
Body:{"name":"Jameson","role":"Developer"}
IP:1
--------------------------------------------------
--------------------------------------------------
Body:{}
IP:1
--------------------------------------------------
--------------------------------------------------
Body:{}
IP:1
--------------------------------------------------
--------------------------------------------------
Body:{}
IP:1
--------------------------------------------------
--------------------------------------------------
Body:{}
IP:1
--------------------------------------------------
--------------------------------------------------
Body:{}
IP:1
--------------------------------------------------
--------------------------------------------------
Body:{}
IP:1
--------------------------------------------------
--------------------------------------------------
Body:{}
IP:1
--------------------------------------------------
--------------------------------------------------
Body:{}
IP:1
--------------------------------------------------
--------------------------------------------------
Body:{}
IP:1
--------------------------------------------------
--------------------------------------------------
Body:{}
IP:1
--------------------------------------------------
--------------------------------------------------
Body:{}
IP:1
--------------------------------------------------
--------------------------------------------------
Body:{}
IP:1
--------------------------------------------------
--------------------------------------------------
Body:{}
IP:1
--------------------------------------------------
--------------------------------------------------
Body:{}
IP:1
--------------------------------------------------
--------------------------------------------------
Body:{}
IP:1
--------------------------------------------------
--------------------------------------------------
Body:{}
IP:1
--------------------------------------------------
--------------------------------------------------
Body:{}
IP:1
--------------------------------------------------
--------------------------------------------------
Body:{}
IP:1
--------------------------------------------------
--------------------------------------------------
Body:{}
IP:1
--------------------------------------------------
--------------------------------------------------
Body:{}
IP:1
--------------------------------------------------
--------------------------------------------------
Body:{}
IP:1
--------------------------------------------------
--------------------------------------------------
Body:{}
IP:1
--------------------------------------------------
--------------------------------------------------
Body:{}
IP:1
--------------------------------------------------
--------------------------------------------------
Body:{}
IP:1
--------------------------------------------------
--------------------------------------------------
Body:{}
IP:1
--------------------------------------------------
--------------------------------------------------
Body:{}
IP:1
--------------------------------------------------
--------------------------------------------------
Body:{}
IP:1
--------------------------------------------------
--------------------------------------------------
Body:{}
IP:1
--------------------------------------------------
--------------------------------------------------
Body:{}
IP:1
--------------------------------------------------
--------------------------------------------------
Body:{}
IP:1
--------------------------------------------------
--------------------------------------------------
Body:{}
IP:1
--------------------------------------------------
--------------------------------------------------
Body:{"name":"Jim","role":"Cyber Security"}
IP:1
--------------------------------------------------
--------------------------------------------------
Body:{}
IP:1
--------------------------------------------------
--------------------------------------------------
Body:{}
IP:1
--------------------------------------------------
--------------------------------------------------
Body:{}
IP:1
--------------------------------------------------
--------------------------------------------------
Body:{}
IP:127.0.0.1
--------------------------------------------------
--------------------------------------------------
Body:{}
IP:1
--------------------------------------------------
--------------------------------------------------
Body:{}
IP:1
--------------------------------------------------
--------------------------------------------------
Body:{}
IP:1
--------------------------------------------------
--------------------------------------------------
Body:{}
IP:1
--------------------------------------------------
--------------------------------------------------
Body:{}
IP:1
--------------------------------------------------
--------------------------------------------------
Body:{}
IP:1
--------------------------------------------------
--------------------------------------------------
Body:{}
IP:1
--------------------------------------------------
--------------------------------------------------
Body:{}
IP:1
--------------------------------------------------
--------------------------------------------------
Body:{}
IP:1
--------------------------------------------------
--------------------------------------------------
Body:{}
IP:1
--------------------------------------------------
--------------------------------------------------
Body:{"name":"","role":""}
IP:1
--------------------------------------------------
--------------------------------------------------
Body:{}
IP:1
--------------------------------------------------
--------------------------------------------------
Body:{"name":"","role":""}
IP:1
--------------------------------------------------
--------------------------------------------------
Body:{}
IP:1
--------------------------------------------------
--------------------------------------------------
Body:{"name":"Janet","role":"Stylist"}
IP:1
--------------------------------------------------
--------------------------------------------------
Body:{}
IP:1
--------------------------------------------------
--------------------------------------------------
Body:{}
IP:1
--------------------------------------------------
--------------------------------------------------
Body:{}
IP:1
--------------------------------------------------
--------------------------------------------------
Body:{}
IP:1
--------------------------------------------------
--------------------------------------------------
Body:{}
IP:127.0.0.1
--------------------------------------------------
--------------------------------------------------
Body:{}
IP:127.0.0.1
--------------------------------------------------
--------------------------------------------------
Body:{}
IP:1
--------------------------------------------------
--------------------------------------------------
Body:{}
IP:1
--------------------------------------------------
--------------------------------------------------
Body:{}
IP:1
--------------------------------------------------
--------------------------------------------------
Body:{}
IP:1
--------------------------------------------------
--------------------------------------------------
Body:{}
IP:1
--------------------------------------------------
--------------------------------------------------
Body:{}
IP:1
--------------------------------------------------
--------------------------------------------------
Body:{}
IP:1
--------------------------------------------------
--------------------------------------------------
Body:{}
IP:1
--------------------------------------------------
--------------------------------------------------
Body:{}
IP:1
--------------------------------------------------
--------------------------------------------------
Body:{}
IP:1
--------------------------------------------------
--------------------------------------------------
Body:{}
IP:127.0.0.1
--------------------------------------------------
--------------------------------------------------
Body:{}
IP:1
--------------------------------------------------
--------------------------------------------------
Body:{}
IP:1
--------------------------------------------------
--------------------------------------------------
Body:{}
IP:1
--------------------------------------------------
--------------------------------------------------
Body:{}
IP:1
--------------------------------------------------
--------------------------------------------------
Body:{}
IP:1
--------------------------------------------------
--------------------------------------------------
Body:{"name":"Marian","role":"Operator"}
IP:1
--------------------------------------------------
--------------------------------------------------
Body:{}
IP:1
--------------------------------------------------
--------------------------------------------------
Body:{}
IP:1
--------------------------------------------------
--------------------------------------------------
Body:{}
IP:1
--------------------------------------------------
--------------------------------------------------
Body:{}
IP:1
--------------------------------------------------
--------------------------------------------------
Body:{}
IP:1
--------------------------------------------------
--------------------------------------------------
Body:{}
IP:1
--------------------------------------------------
--------------------------------------------------
Body:{}
IP:1
--------------------------------------------------
--------------------------------------------------
Body:{}
IP:1
--------------------------------------------------
--------------------------------------------------
Body:{}
IP:1
--------------------------------------------------
--------------------------------------------------
Body:{}
IP:1
--------------------------------------------------
--------------------------------------------------
Body:{}
IP:1
--------------------------------------------------
--------------------------------------------------
Body:{}
IP:1
--------------------------------------------------
--------------------------------------------------
Body:{"name":"Mary","role":"Operator"}
IP:1
--------------------------------------------------
--------------------------------------------------
Body:{}
IP:1
--------------------------------------------------
--------------------------------------------------
Body:{"name":"Marian","role":"Operator"}
IP:1
--------------------------------------------------
--------------------------------------------------
Body:{}
IP:1
--------------------------------------------------
--------------------------------------------------
Body:{"name":"Marian","role":"Operator"}
IP:1
--------------------------------------------------
--------------------------------------------------
Body:{}
IP:1
--------------------------------------------------
--------------------------------------------------
Body:{"name":"Marian","role":"Operator"}
IP:1
--------------------------------------------------
--------------------------------------------------
Body:{}
IP:1
--------------------------------------------------
--------------------------------------------------
Body:{}
IP:1
--------------------------------------------------
--------------------------------------------------
Body:{}
IP:1
--------------------------------------------------
--------------------------------------------------
Body:{}
IP:1
--------------------------------------------------
--------------------------------------------------
Body:{}
IP:1
--------------------------------------------------
--------------------------------------------------
Body:{}
IP:1
--------------------------------------------------
--------------------------------------------------
Body:{}
IP:1
--------------------------------------------------
--------------------------------------------------
Body:{}
IP:1
--------------------------------------------------
--------------------------------------------------
Body:{}
IP:1
--------------------------------------------------
--------------------------------------------------
Body:{}
IP:1
--------------------------------------------------
--------------------------------------------------
Body:{}
IP:1
--------------------------------------------------
--------------------------------------------------
Body:{}
IP:1
--------------------------------------------------
--------------------------------------------------
Body:{}
IP:1
--------------------------------------------------
--------------------------------------------------
Body:{}
IP:1
--------------------------------------------------
--------------------------------------------------
Body:{}
IP:1
--------------------------------------------------
--------------------------------------------------
Body:{}
IP:1
--------------------------------------------------
--------------------------------------------------
Body:{}
IP:1
--------------------------------------------------
--------------------------------------------------
Body:{}
IP:1
--------------------------------------------------
--------------------------------------------------
Body:{}
IP:1
--------------------------------------------------
--------------------------------------------------
Body:{}
IP:1
--------------------------------------------------
--------------------------------------------------
Body:{}
IP:1
--------------------------------------------------
--------------------------------------------------
Body:{}
IP:1
--------------------------------------------------
--------------------------------------------------
Body:{"name":"Maria ","role":"Operator"}
IP:1
--------------------------------------------------
--------------------------------------------------
Body:{}
IP:1
--------------------------------------------------
--------------------------------------------------
Body:{}
IP:1
--------------------------------------------------
--------------------------------------------------
Body:{}
IP:1
--------------------------------------------------
--------------------------------------------------
Body:{}
IP:1
--------------------------------------------------
--------------------------------------------------
Body:{}
IP:1
--------------------------------------------------
--------------------------------------------------
Body:{}
IP:1
--------------------------------------------------
--------------------------------------------------
Body:{}
IP:1
--------------------------------------------------